<?xml version="1.0" encoding="UTF-8"?>
<testng-results skipped="0" failed="0" ignored="0" total="1" passed="1">
  <reporter-output>
  </reporter-output>
  <suite name="Default suite" duration-ms="73" started-at="2019-07-01T21:10:30Z" finished-at="2019-07-01T21:10:30Z">
    <groups>
    </groups>
    <test name="Default test" duration-ms="73" started-at="2019-07-01T21:10:30Z" finished-at="2019-07-01T21:10:30Z">
      <class name="core.AddTest">
        <test-method status="PASS" signature="f()[pri:0, instance:core.AddTest@23ceabc1]" name="f" duration-ms="13" started-at="2019-07-01T21:10:30Z" finished-at="2019-07-01T21:10:30Z">
          <reporter-output>
          </reporter-output>
        </test-method> <!-- f -->
      </class> <!-- core.AddTest -->
    </test> <!-- Default test -->
  </suite> <!-- Default suite -->
</testng-results>
